[LOG] System::create                           : Header version = 2.01.01. Current version = 2.01.01.
[LOG] Manager::init                            : maxchannels = 256 studioflags = 00000006 flags 00000000 extradriverdata 0000000000000000.
[LOG] SystemI::init                            : Initialize version=20101 (109257), maxchannels=256, flags=0x00020000
[LOG] SystemI::setOutputInternal               : Setting output to 'FMOD WASAPI Output'
[LOG] OutputWASAPI::init                       : Mix Format (WAVEFORMATEX): wFormatTag=0xFFFE, nChannels=8, nSamplesPerSec=48000, nAvgBytesPerSec=1536000, nBlockAlign=32, wBitsPerSample=32, cbSize=22.
[LOG] OutputWASAPI::init                       : Mix Format (WAVEFORMATEXTENSIBLE): wValidBitsPerSample=32, dwChannelMask=0x0000063F, SubFormat=00000003-0000-0010-8000-00AA00389B71.
[LOG] OutputWASAPI::init                       : Output buffer size: 4096 samples, latency: 0.00ms, period: 10.00ms, DSP buffer: 1024 * 4
[LOG] DownMix::init                            : dspbuffersize: 1024  rate: 48000. output speaker mode: 7, input speaker mode 3
[LOG] DownMix::init                            : done.
[LOG] Thread::initThread                       : Init FMOD stream thread. Affinity: 0x8000000000000003, Priority: 0xFFFF7FFB, Stack Size: 98304, Semaphore: No, Sleep Time: 10, Looping: Yes.
[LOG] Thread::initThread                       : Init FMOD mixer thread. Affinity: 0x8000000000000001, Priority: 0xFFFF7FFA, Stack Size: 81920, Semaphore: No, Sleep Time: 0, Looping: Yes.
[LOG] AsyncManager::init                       : manager 00000211030141B8 isAsync 0 updatePeriod 0.02
[LOG] AsyncManager::init                       : done
[LOG] PlaybackSystem::init                     : 
[LOG] Thread::initThread                       : Init FMOD Studio sample load thread. Affinity: 0x8000000000000003, Priority: 0xFFFF7FFD, Stack Size: 98304, Semaphore: No, Sleep Time: 1, Looping: No.
[LOG] PlaybackSystem::init                     : done
[LOG] Thread::initThread                       : Init FMOD Studio bank load thread. Affinity: 0x8000000000000003, Priority: 0xFFFF7FFD, Stack Size: 98304, Semaphore: No, Sleep Time: 1, Looping: No.
[LOG] Manager::init                            : done.
[LOG] Manager::readBank                        : fileversion = 132, compatVersion = 132 (oldest = 44, newest = 132)
[LOG] Manager::readBank                        : fileversion = 132, compatVersion = 132 (oldest = 44, newest = 132)
[LOG] Manager::readBank                        : fileversion = 132, compatVersion = 132 (oldest = 44, newest = 132)
[LOG] PlaybackSystem::acquireMasterBus         : Setting master channel group format to 6
[LOG] Manager::readBank                        : fileversion = 132, compatVersion = 132 (oldest = 44, newest = 132)
[LOG] Manager::readBank                        : fileversion = 132, compatVersion = 132 (oldest = 44, newest = 132)
[LOG] PlaybackSystem::acquireMasterBus         : Setting master channel group format to 6
[LOG] SystemI::createSoundInternal             : Create name='', mode=0x02000202
[LOG] SystemI::createSoundInternal             : exinfo->cbsize             = 224
[LOG] SystemI::createSoundInternal             : exinfo->length             = 14272
[LOG] SystemI::createSoundInternal             : exinfo->fileoffset         = 3584
[LOG] SystemI::createSoundInternal             : exinfo->numsubsounds       = 1
[LOG] SystemI::createSoundInternal             : exinfo->inclusionlist      = 0000004D35B9F0F8
[LOG] SystemI::createSoundInternal             : exinfo->inclusionlistnum   = 1
[LOG] SystemI::createSoundInternal             : exinfo->suggestedsoundtype = 5
[LOG] SystemI::createSoundInternal             : exinfo->useropen           = 00007FF9320679E0
[LOG] SystemI::createSoundInternal             : exinfo->userclose          = 00007FF9320679B0
[LOG] SystemI::createSoundInternal             : exinfo->userread           = 00007FF932067AB0
[LOG] SystemI::createSoundInternal             : exinfo->userseek           = 00007FF932067B70
[LOG] SystemI::createSoundInternal             : exinfo->fileuserdata       = 000002133D2305B8
[LOG] SystemI::createSoundInternal             : exinfo->initialseekpostype = 1
[LOG] SystemI::DSPCodecPoolRegister            : register codec pool for pool type 5
[LOG] SystemI::createSoundInternal             : Sample 0/1: name='48524__pendrokar__ooooh2', format=5, channels=1, frequency=48000, lengthbytes=14144, lengthpcm=81057, pcmblocksize=0, loopstart=0, loopend=0, mode=0x00000000, channelmask=0x00000000, channelorder=0, peakvolume=0.247284.
[LOG] SoundI::release                          :  (00000211034D0FD8)
[LOG] SoundI::release                          :     48524__pendrokar__ooooh2 (000002133D21D468)
[LOG] Manager::readBank                        : fileversion = 132, compatVersion = 132 (oldest = 44, newest = 132)
[LOG] PlaybackSystem::acquireMasterBus         : Setting master channel group format to 6
[LOG] SystemI::createSoundInternal             : Create name='', mode=0x02000202
[LOG] SystemI::createSoundInternal             : exinfo->cbsize             = 224
[LOG] SystemI::createSoundInternal             : exinfo->length             = 14272
[LOG] SystemI::createSoundInternal             : exinfo->fileoffset         = 3584
[LOG] SystemI::createSoundInternal             : exinfo->numsubsounds       = 1
[LOG] SystemI::createSoundInternal             : exinfo->inclusionlist      = 0000004D35B9F0F8
[LOG] SystemI::createSoundInternal             : exinfo->inclusionlistnum   = 1
[LOG] SystemI::createSoundInternal             : exinfo->suggestedsoundtype = 5
[LOG] SystemI::createSoundInternal             : exinfo->useropen           = 00007FF9320679E0
[LOG] SystemI::createSoundInternal             : exinfo->userclose          = 00007FF9320679B0
[LOG] SystemI::createSoundInternal             : exinfo->userread           = 00007FF932067AB0
[LOG] SystemI::createSoundInternal             : exinfo->userseek           = 00007FF932067B70
[LOG] SystemI::createSoundInternal             : exinfo->fileuserdata       = 000002133D22FF88
[LOG] SystemI::createSoundInternal             : exinfo->initialseekpostype = 1
[LOG] SystemI::DSPCodecPoolRegister            : register codec pool for pool type 5
[LOG] SystemI::createSoundInternal             : Sample 0/1: name='48524__pendrokar__ooooh2', format=5, channels=1, frequency=48000, lengthbytes=14144, lengthpcm=81057, pcmblocksize=0, loopstart=0, loopend=0, mode=0x00000000, channelmask=0x00000000, channelorder=0, peakvolume=0.247284.
[LOG] SoundI::release                          :  (00000211034D1FA8)
[LOG] SoundI::release                          :     48524__pendrokar__ooooh2 (000002133D5350B8)
[LOG] Manager::readBank                        : fileversion = 132, compatVersion = 132 (oldest = 44, newest = 132)
[LOG] PlaybackSystem::acquireMasterBus         : Setting master channel group format to 6
[LOG] SystemI::createSoundInternal             : Create name='', mode=0x02000202
[LOG] SystemI::createSoundInternal             : exinfo->cbsize             = 224
[LOG] SystemI::createSoundInternal             : exinfo->length             = 14272
[LOG] SystemI::createSoundInternal             : exinfo->fileoffset         = 3584
[LOG] SystemI::createSoundInternal             : exinfo->numsubsounds       = 1
[LOG] SystemI::createSoundInternal             : exinfo->inclusionlist      = 0000004D35B9F0F8
[LOG] SystemI::createSoundInternal             : exinfo->inclusionlistnum   = 1
[LOG] SystemI::createSoundInternal             : exinfo->suggestedsoundtype = 5
[LOG] SystemI::createSoundInternal             : exinfo->useropen           = 00007FF9320679E0
[LOG] SystemI::createSoundInternal             : exinfo->userclose          = 00007FF9320679B0
[LOG] SystemI::createSoundInternal             : exinfo->userread           = 00007FF932067AB0
[LOG] SystemI::createSoundInternal             : exinfo->userseek           = 00007FF932067B70
[LOG] SystemI::createSoundInternal             : exinfo->fileuserdata       = 000002133D22FB68
[LOG] SystemI::createSoundInternal             : exinfo->initialseekpostype = 1
[LOG] SystemI::DSPCodecPoolRegister            : register codec pool for pool type 5
[LOG] SystemI::createSoundInternal             : Sample 0/1: name='48524__pendrokar__ooooh2', format=5, channels=1, frequency=48000, lengthbytes=14144, lengthpcm=81057, pcmblocksize=0, loopstart=0, loopend=0, mode=0x00000000, channelmask=0x00000000, channelorder=0, peakvolume=0.247284.
[LOG] SoundI::release                          :  (00000211034D2118)
[LOG] SoundI::release                          :     48524__pendrokar__ooooh2 (000002133D536DF8)
[LOG] Manager::readBank                        : fileversion = 132, compatVersion = 132 (oldest = 44, newest = 132)
[LOG] PlaybackSystem::acquireMasterBus         : Setting master channel group format to 6
[LOG] SystemI::createSoundInternal             : Create name='', mode=0x02000202
[LOG] SystemI::createSoundInternal             : exinfo->cbsize             = 224
[LOG] SystemI::createSoundInternal             : exinfo->length             = 14272
[LOG] SystemI::createSoundInternal             : exinfo->fileoffset         = 3584
[LOG] SystemI::createSoundInternal             : exinfo->numsubsounds       = 1
[LOG] SystemI::createSoundInternal             : exinfo->inclusionlist      = 0000004D35B9F0F8
[LOG] SystemI::createSoundInternal             : exinfo->inclusionlistnum   = 1
[LOG] SystemI::createSoundInternal             : exinfo->suggestedsoundtype = 5
[LOG] SystemI::createSoundInternal             : exinfo->useropen           = 00007FF9320679E0
[LOG] SystemI::createSoundInternal             : exinfo->userclose          = 00007FF9320679B0
[LOG] SystemI::createSoundInternal             : exinfo->userread           = 00007FF932067AB0
[LOG] SystemI::createSoundInternal             : exinfo->userseek           = 00007FF932067B70
[LOG] SystemI::createSoundInternal             : exinfo->fileuserdata       = 000002133D22F958
[LOG] SystemI::createSoundInternal             : exinfo->initialseekpostype = 1
[LOG] SystemI::DSPCodecPoolRegister            : register codec pool for pool type 5
[LOG] SystemI::createSoundInternal             : Sample 0/1: name='48524__pendrokar__ooooh2', format=5, channels=1, frequency=48000, lengthbytes=14144, lengthpcm=81057, pcmblocksize=0, loopstart=0, loopend=0, mode=0x00000000, channelmask=0x00000000, channelorder=0, peakvolume=0.247284.
[LOG] SoundI::release                          :  (00000211034D1428)
[LOG] SoundI::release                          :     48524__pendrokar__ooooh2 (000002133D5350B8)
[LOG] Manager::readBank                        : fileversion = 132, compatVersion = 132 (oldest = 44, newest = 132)
[LOG] PlaybackSystem::acquireMasterBus         : Setting master channel group format to 6
[LOG] SystemI::createSoundInternal             : Create name='', mode=0x02000202
[LOG] SystemI::createSoundInternal             : exinfo->cbsize             = 224
[LOG] SystemI::createSoundInternal             : exinfo->length             = 14272
[LOG] SystemI::createSoundInternal             : exinfo->fileoffset         = 3584
[LOG] SystemI::createSoundInternal             : exinfo->numsubsounds       = 1
[LOG] SystemI::createSoundInternal             : exinfo->inclusionlist      = 0000004D35B9F0F8
[LOG] SystemI::createSoundInternal             : exinfo->inclusionlistnum   = 1
[LOG] SystemI::createSoundInternal             : exinfo->suggestedsoundtype = 5
[LOG] SystemI::createSoundInternal             : exinfo->useropen           = 00007FF9320679E0
[LOG] SystemI::createSoundInternal             : exinfo->userclose          = 00007FF9320679B0
[LOG] SystemI::createSoundInternal             : exinfo->userread           = 00007FF932067AB0
[LOG] SystemI::createSoundInternal             : exinfo->userseek           = 00007FF932067B70
[LOG] SystemI::createSoundInternal             : exinfo->fileuserdata       = 000002133AA65AB8
[LOG] SystemI::createSoundInternal             : exinfo->initialseekpostype = 1
[LOG] SystemI::DSPCodecPoolRegister            : register codec pool for pool type 5
[LOG] SystemI::createSoundInternal             : Sample 0/1: name='48524__pendrokar__ooooh2', format=5, channels=1, frequency=48000, lengthbytes=14144, lengthpcm=81057, pcmblocksize=0, loopstart=0, loopend=0, mode=0x00000000, channelmask=0x00000000, channelorder=0, peakvolume=0.247284.
[LOG] SoundI::release                          :  (00000211034D1148)
[LOG] SoundI::release                          :     48524__pendrokar__ooooh2 (000002133D536DF8)
[LOG] Manager::readBank                        : fileversion = 132, compatVersion = 132 (oldest = 44, newest = 132)
[LOG] PlaybackSystem::acquireMasterBus         : Setting master channel group format to 6
[LOG] SystemI::createSoundInternal             : Create name='', mode=0x02000202
[LOG] SystemI::createSoundInternal             : exinfo->cbsize             = 224
[LOG] SystemI::createSoundInternal             : exinfo->length             = 14272
[LOG] SystemI::createSoundInternal             : exinfo->fileoffset         = 3584
[LOG] SystemI::createSoundInternal             : exinfo->numsubsounds       = 1
[LOG] SystemI::createSoundInternal             : exinfo->inclusionlist      = 0000004D35B9F0F8
[LOG] SystemI::createSoundInternal             : exinfo->inclusionlistnum   = 1
[LOG] SystemI::createSoundInternal             : exinfo->suggestedsoundtype = 5
[LOG] SystemI::createSoundInternal             : exinfo->useropen           = 00007FF9320679E0
[LOG] SystemI::createSoundInternal             : exinfo->userclose          = 00007FF9320679B0
[LOG] SystemI::createSoundInternal             : exinfo->userread           = 00007FF932067AB0
[LOG] SystemI::createSoundInternal             : exinfo->userseek           = 00007FF932067B70
[LOG] SystemI::createSoundInternal             : exinfo->fileuserdata       = 000002133D22F958
[LOG] SystemI::createSoundInternal             : exinfo->initialseekpostype = 1
[LOG] SystemI::DSPCodecPoolRegister            : register codec pool for pool type 5
[LOG] SystemI::createSoundInternal             : Sample 0/1: name='48524__pendrokar__ooooh2', format=5, channels=1, frequency=48000, lengthbytes=14144, lengthpcm=81057, pcmblocksize=0, loopstart=0, loopend=0, mode=0x00000000, channelmask=0x00000000, channelorder=0, peakvolume=0.247284.
[LOG] SoundI::release                          :  (00000211034D1FA8)
[LOG] SoundI::release                          :     48524__pendrokar__ooooh2 (000002133D5384B8)
[LOG] Thread::callback                         : FMOD Studio bank load thread finished.
[LOG] Thread::callback                         : FMOD Studio sample load thread finished.
[LOG] LiveUpdate::release                      : 
[LOG] LiveUpdate::reset                        : Reset connection (reason Disconnected)
[LOG] Thread::callback                         : FMOD stream thread finished.
[LOG] Thread::callback                         : FMOD mixer thread finished.
[LOG] SystemI::close                           : Closed.
